0 info it worked if it ends with ok
1 verbose cli [ '/usr/local/Cellar/node/6.6.0/bin/node',
1 verbose cli   '/usr/local/bin/npm',
1 verbose cli   'publish' ]
2 info using npm@4.1.1
3 info using node@v6.6.0
4 verbose publish [ '.' ]
5 silly cache add args [ '.', null ]
6 verbose cache add spec .
7 silly cache add parsed spec Result {
7 silly cache add   raw: '.',
7 silly cache add   scope: null,
7 silly cache add   escapedName: null,
7 silly cache add   name: null,
7 silly cache add   rawSpec: '.',
7 silly cache add   spec: '/Users/ankitsingh/Documents/github/dpl-cli',
7 silly cache add   type: 'directory' }
8 verbose addLocalDirectory /Users/ankitsingh/.npm/dpl-cli/0.1.3/package.tgz not in flight; packing
9 verbose correctMkdir /Users/ankitsingh/.npm correctMkdir not in flight; initializing
10 info lifecycle dpl-cli@0.1.3~prepublish: dpl-cli@0.1.3
11 silly lifecycle dpl-cli@0.1.3~prepublish: no script for prepublish, continuing
12 info lifecycle dpl-cli@0.1.3~prepare: dpl-cli@0.1.3
13 silly lifecycle dpl-cli@0.1.3~prepare: no script for prepare, continuing
14 verbose tar pack [ '/Users/ankitsingh/.npm/dpl-cli/0.1.3/package.tgz',
14 verbose tar pack   '/Users/ankitsingh/Documents/github/dpl-cli' ]
15 verbose tarball /Users/ankitsingh/.npm/dpl-cli/0.1.3/package.tgz
16 verbose folder /Users/ankitsingh/Documents/github/dpl-cli
17 verbose addLocalTarball adding from inside cache /Users/ankitsingh/.npm/dpl-cli/0.1.3/package.tgz
18 verbose correctMkdir /Users/ankitsingh/.npm correctMkdir not in flight; initializing
19 silly cache afterAdd dpl-cli@0.1.3
20 verbose afterAdd /Users/ankitsingh/.npm/dpl-cli/0.1.3/package/package.json not in flight; writing
21 verbose correctMkdir /Users/ankitsingh/.npm correctMkdir not in flight; initializing
22 verbose afterAdd /Users/ankitsingh/.npm/dpl-cli/0.1.3/package/package.json written
23 silly publish { name: 'dpl-cli',
23 silly publish   version: '0.1.3',
23 silly publish   description: 'get pool matches',
23 silly publish   bin:
23 silly publish    { 'dpl-cli': 'bin/dpl-cli.js',
23 silly publish      'dpl-cli-score': 'bin/dpl-cli-score.js' },
23 silly publish   scripts: { dev: 'node ./bin/dpl-cli.js' },
23 silly publish   main: './lib/index.js',
23 silly publish   preferGlobal: 'true',
23 silly publish   repository:
23 silly publish    { type: 'git',
23 silly publish      url: 'git+https://github.com/solodynamo/dpl-cli.git' },
23 silly publish   author: { name: 'solodynamo', email: 'bittuf3@gmail.com' },
23 silly publish   license: 'MIT',
23 silly publish   dependencies:
23 silly publish    { cheerio: '^0.22.0',
23 silly publish      'cli-table': '^0.3.1',
23 silly publish      colors: '^1.1.2',
23 silly publish      got: '^6.7.1' },
23 silly publish   readme: '# DPL\n\n## Requirements\n\nMake sure all dependencies have been installed:\n\n* [Node.js](http://nodejs.org/) >= 6.10.x\n* [NPM](https://www.npmjs.com/) OR [YARN](https://yarnpkg.com/en/docs/install)\n\n## Usage\n\n1. Install Package Using NPM or YARN\n   * `npm install -g dpl-cli` (NPM)\n2. Run `dpl-cli` At Console To Get Today matches.\n2. Run `dpl-cli-score` At Console To Get Team Scores.\n',
23 silly publish   readmeFilename: 'README.md',
23 silly publish   gitHead: '528a5baee891084cbc7243a584a5772cd9f311cd',
23 silly publish   bugs: { url: 'https://github.com/solodynamo/dpl-cli/issues' },
23 silly publish   homepage: 'https://github.com/solodynamo/dpl-cli#readme',
23 silly publish   _id: 'dpl-cli@0.1.3',
23 silly publish   _shasum: '841a178ac636175fc338dc080feb66b83967bc79',
23 silly publish   _from: '.' }
24 info lifecycle dpl-cli@0.1.3~prepublishOnly: dpl-cli@0.1.3
25 silly lifecycle dpl-cli@0.1.3~prepublishOnly: no script for prepublishOnly, continuing
26 verbose getPublishConfig undefined
27 silly mapToRegistry name dpl-cli
28 silly mapToRegistry using default registry
29 silly mapToRegistry registry https://registry.npmjs.org/
30 silly mapToRegistry data Result {
30 silly mapToRegistry   raw: 'dpl-cli',
30 silly mapToRegistry   scope: null,
30 silly mapToRegistry   escapedName: 'dpl-cli',
30 silly mapToRegistry   name: 'dpl-cli',
30 silly mapToRegistry   rawSpec: '',
30 silly mapToRegistry   spec: 'latest',
30 silly mapToRegistry   type: 'tag' }
31 silly mapToRegistry uri https://registry.npmjs.org/dpl-cli
32 verbose publish registryBase https://registry.npmjs.org/
33 silly publish uploading /Users/ankitsingh/.npm/dpl-cli/0.1.3/package.tgz
34 verbose request uri https://registry.npmjs.org/dpl-cli
35 verbose request sending authorization for write operation
36 info attempt registry request try #1 at 7:53:52 PM
37 verbose request using bearer token for auth
38 verbose request id bd8c81786ecf075a
39 http request PUT https://registry.npmjs.org/dpl-cli
40 http 403 https://registry.npmjs.org/dpl-cli
41 verbose headers { 'content-type': 'application/json',
41 verbose headers   'cache-control': 'max-age=300',
41 verbose headers   'content-length': '95',
41 verbose headers   'accept-ranges': 'bytes',
41 verbose headers   date: 'Thu, 13 Apr 2017 14:23:53 GMT',
41 verbose headers   via: '1.1 varnish',
41 verbose headers   connection: 'keep-alive',
41 verbose headers   'x-served-by': 'cache-lcy1126-LCY',
41 verbose headers   'x-cache': 'MISS',
41 verbose headers   'x-cache-hits': '0',
41 verbose headers   'x-timer': 'S1492093433.550927,VS0,VE834',
41 verbose headers   vary: 'Accept-Encoding' }
42 verbose request invalidating /Users/ankitsingh/.npm/registry.npmjs.org/dpl-cli on PUT
43 error publish Failed PUT 403
44 verbose stack Error: "You cannot publish over the previously published version 0.1.3." : dpl-cli
44 verbose stack     at makeError (/usr/local/lib/node_modules/npm/node_modules/npm-registry-client/lib/request.js:304:12)
44 verbose stack     at CachingRegistryClient.<anonymous> (/usr/local/lib/node_modules/npm/node_modules/npm-registry-client/lib/request.js:292:14)
44 verbose stack     at Request._callback (/usr/local/lib/node_modules/npm/node_modules/npm-registry-client/lib/request.js:212:14)
44 verbose stack     at Request.self.callback (/usr/local/lib/node_modules/npm/node_modules/request/request.js:186:22)
44 verbose stack     at emitTwo (events.js:106:13)
44 verbose stack     at Request.emit (events.js:191:7)
44 verbose stack     at Request.<anonymous> (/usr/local/lib/node_modules/npm/node_modules/request/request.js:1081:10)
44 verbose stack     at emitOne (events.js:96:13)
44 verbose stack     at Request.emit (events.js:188:7)
44 verbose stack     at IncomingMessage.<anonymous> (/usr/local/lib/node_modules/npm/node_modules/request/request.js:1001:12)
45 verbose statusCode 403
46 verbose pkgid dpl-cli
47 verbose cwd /Users/ankitsingh/Documents/github/dpl-cli
48 error Darwin 15.3.0
49 error argv "/usr/local/Cellar/node/6.6.0/bin/node" "/usr/local/bin/npm" "publish"
50 error node v6.6.0
51 error npm  v4.1.1
52 error code E403
53 error "You cannot publish over the previously published version 0.1.3." : dpl-cli
54 error If you need help, you may report this error at:
54 error     <https://github.com/npm/npm/issues>
55 verbose exit [ 1, true ]
